{"level":"info","message":[{"answer":"3","description":"43r43r","id":"c12a3ba4-850f-425f-a0e8-78ba5856ea83","lastChange":"3/6/2022","tags":"efewf","title":"r43r43r","topic":"regeg"}]}
{"level":"error","message":{"errors":[]}}
{"level":"error"}
{"level":"error","message":{"errors":[]}}
{"level":"error"}
{"level":"error","message":{"errors":[]}}
{"level":"error"}
{"level":"error","message":{"errors":[]}}
{"level":"error"}
{"level":"error","message":{"errors":[]}}
{"level":"error"}
{"level":"error","message":{"errors":[{"location":"body","msg":"Invalid value","param":"title","value":"pi"}]}}
{"level":"error","message":{"errors":[{"location":"body","msg":"Invalid value","param":"title","value":"pi"}]}}
{"level":"error","message":{"errors":[{"location":"body","msg":"Invalid value","param":"title","value":"pi"}]}}
{"level":"error","message":{"errors":[{"location":"body","msg":"Invalid value","param":"title","value":"pi"}]}}
{"level":"error","message":{"errors":[{"location":"body","msg":"Invalid value","param":"title","value":"pdd"}]}}
{"level":"error","message":{"errors":[{"location":"body","msg":"Invalid value","param":"title","value":"pdd"}]}}
{"level":"error","message":{"errors":[{"location":"body","msg":"Invalid value","param":"title","value":"pdd"},{"location":"body","msg":"Invalid value","param":"tags","value":"jj"}]}}
{"level":"error","message":{"errors":[{"location":"body","msg":"Invalid value","param":"tags","value":"jj"}]}}
{"level":"error","message":{"errors":[{"location":"body","msg":"Invalid value","param":"tags","value":"j"}]}}
{"level":"error","message":{"errors":[{"location":"body","msg":"Invalid value","param":"tags","value":"j"}]}}
{"level":"error","message":{"errors":[{"location":"body","msg":"Invalid value","param":"tags","value":"j"}]}}
{"level":"error","message":{"errors":[{"location":"body","msg":"Invalid value","param":"tags","value":"j"}]}}
{"level":"error","message":{"errors":[{"location":"body","msg":"Invalid value","param":"tags","value":"jll"}]}}
{"level":"error","message":{"errors":[{"location":"body","msg":"Invalid value","param":"tags","value":"jllllll"}]}}
{"level":"error","message":{"errors":[{"location":"body","msg":"Invalid value","param":"tags","value":""}]}}
{"level":"error","message":{"errors":[{"location":"body","msg":"Invalid value","param":"answers","value":["","","",""]}]}}
{"level":"error","message":{"errors":[{"location":"body","msg":"Invalid value","param":"title","value":""},{"location":"body","msg":"Invalid value","param":"title","value":""},{"location":"body","msg":"Invalid value","param":"answers","value":["","","",""]}]}}
{"level":"error","message":{"errors":[{"location":"body","msg":"Invalid value","param":"title","value":""},{"location":"body","msg":"Invalid value","param":"title","value":""},{"location":"body","msg":"Invalid value","param":"tags","value":""}]}}
{"level":"error","message":{"errors":[{"location":"body","msg":"Invalid value","param":"title","value":"fff"}]}}
{"level":"error","message":{"errors":[{"location":"body","msg":"Invalid value","param":"title","value":"fff"},{"location":"body","msg":"Invalid value","param":"tags","value":""}]}}
{"level":"error","message":{"errors":[{"location":"body","msg":"Invalid value","param":"title","value":"fff"},{"location":"body","msg":"Invalid value","param":"tags","value":""}]}}
{"level":"error","message":{"errors":[{"location":"body","msg":"Invalid value","param":"title","value":"aa"},{"location":"body","msg":"Invalid value","param":"tags","value":""}]}}
{"level":"info","message":[{"id":"e2cf4b39-c812-47fc-894d-ab192b5ed66e","lastChange":"3/12/2022","tags":"fewfewfw","title":"pddfff"}]}
{"level":"error","message":{"errors":[{"location":"body","msg":"Invalid value","param":"title","value":""},{"location":"body","msg":"Invalid value","param":"title","value":""},{"location":"body","msg":"Invalid value","param":"tags","value":""}]}}
{"level":"error","message":{"errors":[{"location":"body","msg":"Invalid value","param":"questionName"},{"location":"body","msg":"Invalid value","param":"questionName"},{"location":"body","msg":"Invalid value","param":"topic"},{"location":"body","msg":"Invalid value","param":"correctAnswer"},{"location":"body","msg":"Invalid value","param":"answers"}]}}
{"level":"error","message":{"errors":[{"location":"body","msg":"Invalid value","param":"questionName"},{"location":"body","msg":"Invalid value","param":"questionName"},{"location":"body","msg":"Invalid value","param":"topic"},{"location":"body","msg":"Invalid value","param":"correctAnswer"},{"location":"body","msg":"Invalid value","param":"answers"}]}}
{"level":"error","message":{"errors":[{"location":"body","msg":"Invalid value","param":"questionName"},{"location":"body","msg":"Invalid value","param":"questionName"},{"location":"body","msg":"Invalid value","param":"topic"}]}}
{"level":"error","message":{"errors":[{"location":"body","msg":"Invalid value","param":"questionName"},{"location":"body","msg":"Invalid value","param":"questionName"},{"location":"body","msg":"Invalid value","param":"topic"}]}}
{"level":"error","message":{"errors":[{"location":"body","msg":"Invalid value","param":"questionName"},{"location":"body","msg":"Invalid value","param":"questionName"},{"location":"body","msg":"Invalid value","param":"topic"},{"location":"body","msg":"Invalid value","param":"correctAnswer"},{"location":"body","msg":"Invalid value","param":"answers"}]}}
{"level":"error","message":{"errors":[{"location":"body","msg":"Invalid value","param":"questionName"},{"location":"body","msg":"Invalid value","param":"questionName"},{"location":"body","msg":"Invalid value","param":"topic"},{"location":"body","msg":"Invalid value","param":"correctAnswer"},{"location":"body","msg":"Invalid value","param":"answers"}]}}
{"level":"error","message":{"errors":[{"location":"body","msg":"Invalid value","param":"questionName"},{"location":"body","msg":"Invalid value","param":"questionName"},{"location":"body","msg":"Invalid value","param":"topic"},{"location":"body","msg":"Invalid value","param":"correctAnswer"},{"location":"body","msg":"Invalid value","param":"answers"}]}}
{"level":"error","message":{"errors":[{"location":"body","msg":"Invalid value","param":"questionName"},{"location":"body","msg":"Invalid value","param":"questionName"},{"location":"body","msg":"Invalid value","param":"topic"},{"location":"body","msg":"Invalid value","param":"correctAnswer"},{"location":"body","msg":"Invalid value","param":"answers"}]}}
{"level":"error","message":{"errors":[{"location":"body","msg":"Invalid value","param":"questionName"},{"location":"body","msg":"Invalid value","param":"questionName"},{"location":"body","msg":"Invalid value","param":"topic"},{"location":"body","msg":"Invalid value","param":"correctAnswer"},{"location":"body","msg":"Invalid value","param":"answers"}]}}
{"level":"info","message":[]}
{"level":"info","message":[]}
{"level":"error","message":{"errors":[]}}
